Using pre-set license
Built from '2020.2/staging' branch; Version is '2020.2.6f1 (8a2143876886) revision 9052483'; Using compiler version '192528614'; Build Type 'Release'
OS: 'Windows 10 Pro; OS build 19045.3324; Version 2009; 64bit' Language: 'en' Physical Memory: 32686 MB
BatchMode: 1, IsHumanControllingUs: 0, StartBugReporterOnCrash: 0, Is64bit: 1, IsPro: 0

 COMMAND LINE ARGUMENTS:
C:\Program Files\Unity\Hub\Editor\2020.2.6f1\Editor\Unity.exe
-adb2
-batchMode
-noUpm
-name
AssetImportWorker0
-projectPath
C:/Users/shaki/Desktop/Classes/Game Programming/Assignment2
-logFile
Logs/AssetImportWorker0.log
-srvPort
56872
Successfully changed project path to: C:/Users/shaki/Desktop/Classes/Game Programming/Assignment2
C:/Users/shaki/Desktop/Classes/Game Programming/Assignment2
Using Asset Import Pipeline V2.
Refreshing native plugins compatible for Editor in 18.37 ms, found 0 plugins.
Preloading 0 native plugins for Editor in 0.00 ms.
Initialize engine version: 2020.2.6f1 (8a2143876886)
[Subsystems] Discovering subsystems at path C:/Program Files/Unity/Hub/Editor/2020.2.6f1/Editor/Data/Resources/UnitySubsystems
[Subsystems] Discovering subsystems at path C:/Users/shaki/Desktop/Classes/Game Programming/Assignment2/Assets
GfxDevice: creating device client; threaded=0
Direct3D:
    Version:  Direct3D 11.0 [level 11.1]
    Renderer: NVIDIA GeForce RTX 2080 Ti (ID=0x1e07)
    Vendor:   
    VRAM:     11041 MB
    Driver:   31.0.15.3713
Initialize mono
Mono path[0] = 'C:/Program Files/Unity/Hub/Editor/2020.2.6f1/Editor/Data/Managed'
Mono path[1] = 'C:/Program Files/Unity/Hub/Editor/2020.2.6f1/Editor/Data/MonoBleedingEdge/lib/mono/unityjit'
Mono config path = 'C:/Program Files/Unity/Hub/Editor/2020.2.6f1/Editor/Data/MonoBleedingEdge/etc'
Using monoOptions --debugger-agent=transport=dt_socket,embedding=1,server=y,suspend=n,address=127.0.0.1:56816
Begin MonoManager ReloadAssembly
Registering precompiled unity dll's ...
Register platform support module: C:/Program Files/Unity/Hub/Editor/2020.2.6f1/Editor/Data/PlaybackEngines/WindowsStandaloneSupport/UnityEditor.WindowsStandalone.Extensions.dll
Registered in 0.002000 seconds.
Native extension for WindowsStandalone target not found
Refreshing native plugins compatible for Editor in 18.54 ms, found 0 plugins.
Preloading 0 native plugins for Editor in 0.00 ms.
Invoked RoslynAnalysisRunner static constructor.
RoslynAnalysisRunner will not be running.
RoslynAnalysisRunner has terminated.
Mono: successfully reloaded assembly
- Completed reload, in  0.953 seconds
Platform modules already initialized, skipping
Registering precompiled user dll's ...
Registered in 0.001099 seconds.
Begin MonoManager ReloadAssembly
Native extension for WindowsStandalone target not found
Refreshing native plugins compatible for Editor in 0.18 ms, found 0 plugins.
Preloading 0 native plugins for Editor in 0.00 ms.
Invoked RoslynAnalysisRunner static constructor.
RoslynAnalysisRunner will not be running.
RoslynAnalysisRunner has terminated.
Mono: successfully reloaded assembly
- Completed reload, in  0.787 seconds
Platform modules already initialized, skipping
========================================================================
Worker process is ready to serve import requests
Launched and connected shader compiler UnityShaderCompiler.exe after 0.05 seconds
Refreshing native plugins compatible for Editor in 0.37 ms, found 0 plugins.
Preloading 0 native plugins for Editor in 0.00 ms.
Unloading 1109 Unused Serialized files (Serialized files now loaded: 0)
System memory in use before: 56.8 MB.
System memory in use after: 56.9 MB.

Unloading 9 unused Assets to reduce memory usage. Loaded Objects now: 1549.
Total: 1.764500 ms (FindLiveObjects: 0.194100 ms CreateObjectMapping: 0.186800 ms MarkObjects: 1.328400 ms  DeleteObjects: 0.054100 ms)

========================================================================
Received Import Request.
  path: Assets/sfx-coin-8bit.wav
  artifactKey: Guid(4f749d9be377d60498cba0208489ead0) Importer(815301076,1909f56bfc062723c751e8b465ee728b)
Start importing Assets/sfx-coin-8bit.wav using Guid(4f749d9be377d60498cba0208489ead0) Importer(815301076,1909f56bfc062723c751e8b465ee728b)  -> (artifact id: '6a9c54ca9c33949cda4076cbfd9b2991') in 0.096839 seconds
  Import took 0.098533 seconds .

========================================================================
Received Import Request.
  Time since last request: 0.000275 seconds.
  path: Assets/FullHealthBar.png
  artifactKey: Guid(9fbd2e4066d179244964d4258432e1b2) Importer(815301076,1909f56bfc062723c751e8b465ee728b)
Start importing Assets/FullHealthBar.png using Guid(9fbd2e4066d179244964d4258432e1b2) Importer(815301076,1909f56bfc062723c751e8b465ee728b)  -> (artifact id: 'e2882183235549808974e8f6f2ef110f') in 0.059568 seconds
  Import took 0.061120 seconds .

========================================================================
Received Import Request.
  Time since last request: 0.000305 seconds.
  path: Assets/Coin.png
  artifactKey: Guid(1e4c10aff86a6a040af3a07dc6f63bd5) Importer(815301076,1909f56bfc062723c751e8b465ee728b)
Start importing Assets/Coin.png using Guid(1e4c10aff86a6a040af3a07dc6f63bd5) Importer(815301076,1909f56bfc062723c751e8b465ee728b)  -> (artifact id: '5c64972d0b6ed64776fa2aa61baf7374') in 0.006862 seconds
  Import took 0.008469 seconds .

========================================================================
Received Import Request.
  Time since last request: 0.000190 seconds.
  path: Assets/EmptyHealthBar.png
  artifactKey: Guid(3a2c9faf730aca84fb3865472c917df6) Importer(815301076,1909f56bfc062723c751e8b465ee728b)
Start importing Assets/EmptyHealthBar.png using Guid(3a2c9faf730aca84fb3865472c917df6) Importer(815301076,1909f56bfc062723c751e8b465ee728b)  -> (artifact id: '0b5c5b4cf0e1a8ce3d96afaa94ca8a61') in 0.006196 seconds
  Import took 0.007639 seconds .

========================================================================
Received Import Request.
  Time since last request: 0.000209 seconds.
  path: Assets/Green-Transformer.png
  artifactKey: Guid(81ec5a9b56c957c4dbc87f7bf227b541) Importer(815301076,1909f56bfc062723c751e8b465ee728b)
Start importing Assets/Green-Transformer.png using Guid(81ec5a9b56c957c4dbc87f7bf227b541) Importer(815301076,1909f56bfc062723c751e8b465ee728b)  -> (artifact id: '54f1bb220c82baa70d25d48b8a7db7ea') in 0.008669 seconds
  Import took 0.010230 seconds .

========================================================================
Received Import Request.
  Time since last request: 0.000261 seconds.
  path: Assets/Red-Transformer.png
  artifactKey: Guid(f51957fada5440d479a7d58cd42c4bce) Importer(815301076,1909f56bfc062723c751e8b465ee728b)
Start importing Assets/Red-Transformer.png using Guid(f51957fada5440d479a7d58cd42c4bce) Importer(815301076,1909f56bfc062723c751e8b465ee728b)  -> (artifact id: '582ddbfe3c0debfa596fcaa2686097c2') in 0.007155 seconds
  Import took 0.008962 seconds .

========================================================================
Received Import Request.
  Time since last request: 0.000265 seconds.
  path: Assets/Wall.png
  artifactKey: Guid(c0ecef6108f49ca4ea0f200eead27000) Importer(815301076,1909f56bfc062723c751e8b465ee728b)
Start importing Assets/Wall.png using Guid(c0ecef6108f49ca4ea0f200eead27000) Importer(815301076,1909f56bfc062723c751e8b465ee728b)  -> (artifact id: 'e6a031acb24352f2c9d578f8d1b918a0') in 0.007136 seconds
  Import took 0.008704 seconds .

========================================================================
Received Import Request.
  Time since last request: 0.000243 seconds.
  path: Assets/Player.png
  artifactKey: Guid(a04dc5e8f9aede549a25a5195e45cf0f) Importer(815301076,1909f56bfc062723c751e8b465ee728b)
Start importing Assets/Player.png using Guid(a04dc5e8f9aede549a25a5195e45cf0f) Importer(815301076,1909f56bfc062723c751e8b465ee728b)  -> (artifact id: '512bd81e54f675c08ae114396e99cbcc') in 0.007261 seconds
  Import took 0.008749 seconds .

========================================================================
Received Prepare
Registering precompiled user dll's ...
Registered in 0.000763 seconds.
Begin MonoManager ReloadAssembly
Native extension for WindowsStandalone target not found
Refreshing native plugins compatible for Editor in 0.18 ms, found 0 plugins.
Preloading 0 native plugins for Editor in 0.00 ms.
Invoked RoslynAnalysisRunner static constructor.
RoslynAnalysisRunner will not be running.
RoslynAnalysisRunner has terminated.
Mono: successfully reloaded assembly
- Completed reload, in  0.640 seconds
Platform modules already initialized, skipping
Refreshing native plugins compatible for Editor in 0.16 ms, found 0 plugins.
Preloading 0 native plugins for Editor in 0.00 ms.
Unloading 1103 Unused Serialized files (Serialized files now loaded: 0)
System memory in use before: 59.7 MB.
System memory in use after: 59.8 MB.

Unloading 4 unused Assets to reduce memory usage. Loaded Objects now: 1568.
Total: 1.419000 ms (FindLiveObjects: 0.191100 ms CreateObjectMapping: 0.061300 ms MarkObjects: 1.152100 ms  DeleteObjects: 0.013200 ms)

AssetImportWorkerClient::OnTransportError - code=2 error=End of file
